#
# There is insufficient memory for the Java Runtime Environment to continue.
# Native memory allocation (malloc) failed to allocate 1048576 bytes for AllocateHeap
# Possible reasons:
#   The system is out of physical RAM or swap space
#   The process is running with CompressedOops enabled, and the Java Heap may be blocking the growth of the native heap
# Possible solutions:
#   Reduce memory load on the system
#   Increase physical memory or swap space
#   Check if swap backing store is full
#   Decrease Java heap size (-Xmx/-Xms)
#   Decrease number of Java threads
#   Decrease Java thread stack sizes (-Xss)
#   Set larger code cache with -XX:ReservedCodeCacheSize=
#   JVM is running with Unscaled Compressed Oops mode in which the Java heap is
#     placed in the first 4GB address space. The Java Heap base address is the
#     maximum limit for the native heap growth. Please use -XX:HeapBaseMinAddress
#     to set the Java Heap base and to place the Java Heap above 4GB virtual address.
# This output file may be truncated or incomplete.
#
#  Out of Memory Error (memory/allocation.inline.hpp:61), pid=13836, tid=0x0000000000003084
#
# JRE version:  (8.0_202-b08) (build )
# Java VM: Java HotSpot(TM) 64-Bit Server VM (25.202-b08 mixed mode windows-amd64 compressed oops)
# Failed to write core dump. Minidumps are not enabled by default on client versions of Windows
#

---------------  T H R E A D  ---------------

Current thread (0x0000000002c22800):  JavaThread "Unknown thread" [_thread_in_vm, id=12420, stack(0x0000000002aa0000,0x0000000002ba0000)]

Stack: [0x0000000002aa0000,0x0000000002ba0000]
[error occurred during error reporting (printing stack bounds), id 0xc0000005]

Native frames: (J=compiled Java code, j=interpreted, Vv=VM code, C=native code)


---------------  P R O C E S S  ---------------

Java Threads: ( => current thread )

Other Threads:

=>0x0000000002c22800 (exited) JavaThread "Unknown thread" [_thread_in_vm, id=12420, stack(0x0000000002aa0000,0x0000000002ba0000)]

VM state:not at safepoint (normal execution)

VM Mutex/Monitor currently owned by a thread: None

heap address: 0x0000000081600000, size: 2026 MB, Compressed Oops mode: 32-bit
Narrow klass base: 0x0000000000000000, Narrow klass shift: 3
Compressed class space size: 1073741824 Address: 0x0000000100000000

Heap:
 PSYoungGen      total 38400K, used 665K [0x00000000d5d00000, 0x00000000d8780000, 0x0000000100000000)
  eden space 33280K, 2% used [0x00000000d5d00000,0x00000000d5da6670,0x00000000d7d80000)
  from space 5120K, 0% used [0x00000000d8280000,0x00000000d8280000,0x00000000d8780000)
  to   space 5120K, 0% used [0x00000000d7d80000,0x00000000d7d80000,0x00000000d8280000)
 ParOldGen       total 87552K, used 0K [0x0000000081600000, 0x0000000086b80000, 0x00000000d5d00000)
  object space 87552K, 0% used [0x0000000081600000,0x0000000081600000,0x0000000086b80000)
 Metaspace       used 775K, capacity 4480K, committed 4480K, reserved 1056768K
  class space    used 76K, capacity 384K, committed 384K, reserved 1048576K

Card table byte_map: [0x00000000120e0000,0x00000000124e0000] byte_map_base: 0x0000000011cd5000

Marking Bits: (ParMarkBitMap*) 0x0000000077e15ce0
 Begin Bits: [0x0000000012b90000, 0x0000000014b38000)
 End Bits:   [0x0000000014b38000, 0x0000000016ae0000)

Polling page: 0x0000000001270000

CodeCache: size=245760Kb used=328Kb max_used=328Kb free=245431Kb
 bounds [0x0000000002d20000, 0x0000000002f90000, 0x0000000011d20000]
 total_blobs=58 nmethods=0 adapters=38
 compilation: enabled

Compilation events (0 events):
No events

GC Heap History (0 events):
No events

Deoptimization events (0 events):
No events

Classes redefined (0 events):
No events

Internal exceptions (0 events):
No events

Events (10 events):
Event: 0.022 loading class java/lang/Short
Event: 0.022 loading class java/lang/Short done
Event: 0.022 loading class java/lang/Integer
Event: 0.022 loading class java/lang/Integer done
Event: 0.022 loading class java/lang/Long
Event: 0.022 loading class java/lang/Long done
Event: 0.023 loading class java/lang/NullPointerException
Event: 0.023 loading class java/lang/NullPointerException done
Event: 0.023 loading class java/lang/ArithmeticException
Event: 0.023 loading class java/lang/ArithmeticException done


Dynamic libraries:
0x00007ff7aa830000 - 0x00007ff7aa867000 	C:\Program Files\Java\jdk1.8.0_202\jre\bin\java.exe
0x00007fff76320000 - 0x00007fff76510000 	C:\WINDOWS\SYSTEM32\ntdll.dll
0x00007fff73c30000 - 0x00007fff73ce2000 	C:\WINDOWS\System32\KERNEL32.DLL
0x00007fff732f0000 - 0x00007fff73594000 	C:\WINDOWS\System32\KERNELBASE.dll
0x00007fff75bd0000 - 0x00007fff75c73000 	C:\WINDOWS\System32\ADVAPI32.dll
0x00007fff75420000 - 0x00007fff754be000 	C:\WINDOWS\System32\msvcrt.dll
0x00007fff76210000 - 0x00007fff762a7000 	C:\WINDOWS\System32\sechost.dll
0x00007fff75770000 - 0x00007fff75890000 	C:\WINDOWS\System32\RPCRT4.dll
0x00007fff75e00000 - 0x00007fff75f94000 	C:\WINDOWS\System32\USER32.dll
0x00007fff73870000 - 0x00007fff73891000 	C:\WINDOWS\System32\win32u.dll
0x00007fff762b0000 - 0x00007fff762d6000 	C:\WINDOWS\System32\GDI32.dll
0x00007fff73620000 - 0x00007fff737b5000 	C:\WINDOWS\System32\gdi32full.dll
0x00007fff73980000 - 0x00007fff73a1e000 	C:\WINDOWS\System32\msvcp_win.dll
0x00007fff731f0000 - 0x00007fff732ea000 	C:\WINDOWS\System32\ucrtbase.dll
0x00007fff688d0000 - 0x00007fff68b54000 	C:\WINDOWS\WinSxS\amd64_microsoft.windows.common-controls_6595b64144ccf1df_6.0.18362.900_none_e6beb9d913147d17\COMCTL32.dll
0x00007fff75890000 - 0x00007fff75bc5000 	C:\WINDOWS\System32\combase.dll
0x00007fff735a0000 - 0x00007fff73620000 	C:\WINDOWS\System32\bcryptPrimitives.dll
0x00007fff75dd0000 - 0x00007fff75dfe000 	C:\WINDOWS\System32\IMM32.DLL
0x0000000077510000 - 0x00000000775e2000 	C:\Program Files\Java\jdk1.8.0_202\jre\bin\msvcr100.dll
0x00000000775f0000 - 0x0000000077e95000 	C:\Program Files\Java\jdk1.8.0_202\jre\bin\server\jvm.dll
0x00007fff75c80000 - 0x00007fff75c88000 	C:\WINDOWS\System32\PSAPI.DLL
0x00007fff68de0000 - 0x00007fff68e04000 	C:\WINDOWS\SYSTEM32\WINMM.dll
0x00007fff692c0000 - 0x00007fff692ca000 	C:\WINDOWS\SYSTEM32\VERSION.dll
0x00007fff71360000 - 0x00007fff71369000 	C:\WINDOWS\SYSTEM32\WSOCK32.dll
0x00007fff73cf0000 - 0x00007fff73d5f000 	C:\WINDOWS\System32\WS2_32.dll
0x00007fff68db0000 - 0x00007fff68ddd000 	C:\WINDOWS\SYSTEM32\winmmbase.dll
0x00007fff737c0000 - 0x00007fff7380a000 	C:\WINDOWS\System32\cfgmgr32.dll
0x00007fff5eed0000 - 0x00007fff5eedf000 	C:\Program Files\Java\jdk1.8.0_202\jre\bin\verify.dll
0x00007fff49220000 - 0x00007fff49249000 	C:\Program Files\Java\jdk1.8.0_202\jre\bin\java.dll
0x00007fff5c540000 - 0x00007fff5c556000 	C:\Program Files\Java\jdk1.8.0_202\jre\bin\zip.dll

VM Arguments:
java_command: org.netbeans.modules.web.project.ant.JspCSingle -uriroot D:\MyWorks\J\LAB321_L.P0009\build\web -d D:\MyWorks\J\LAB321_L.P0009\build\generated\src -die1 -schemas /resources/schemas/ -dtds /resources/dtds/ -sysClasspath C:\Program Files\NetBeans 8.2\extide\ant\lib\ant.jar;C:\Program Files\NetBeans 8.2\enterprise\modules\ext\servlet3.1-jsp2.3-api.jar;C:\Program Files\NetBeans 8.2\enterprise\modules\ext\glassfish-jspparser-4.0.jar;C:\Program Files\NetBeans 8.2\enterprise\modules\ext\jstl-impl.jar;C:\Program Files\NetBeans 8.2\enterprise\modules\ext\jsf-2_2\javax.faces.jar -jspc.files D:\MyWorks\J\LAB321_L.P0009\build\web\search.jsp -compilerSourceVM 1.8 -compilerTargetVM 1.8 -javaEncoding UTF-8
java_class_path (initial): C:\Program Files\Java\jdk1.8.0_202\lib\tools.jar;C:\Program Files\NetBeans 8.2\enterprise\ant\extra\jspcompile.jar;C:\Program Files\NetBeans 8.2\extide\ant\lib\ant.jar;C:\Program Files\NetBeans 8.2\enterprise\modules\ext\servlet3.1-jsp2.3-api.jar;C:\Program Files\NetBeans 8.2\enterprise\modules\ext\glassfish-jspparser-4.0.jar;C:\Program Files\NetBeans 8.2\enterprise\modules\ext\jsf-2_2\javax.faces.jar;C:\Program Files\NetBeans 8.2\enterprise\modules\ext\jstl-api.jar;C:\Program Files\NetBeans 8.2\extide\ant\lib\ant-launcher.jar
Launcher Type: SUN_STANDARD

Environment Variables:
PATH=C:\Program Files (x86)\Common Files\Oracle\Java\javapath;C:\WINDOWS\SYSTEM32;C:\WINDOWS;C:\WINDOWS\SYSTEM32\WBEM;C:\WINDOWS\SYSTEM32\WINDOWSPOWERSHELL\V1.0\;C:\PROGRAM FILES\INTEL\WIFI\BIN\;C:\PROGRAM FILES\COMMON FILES\INTEL\WIRELESSCOMMON\;C:\PROGRAM FILES (X86)\NVIDIA CORPORATION\PHYSX\COMMON;C:\PROGRA~2\FARSTONE\VIRTUA~1\;C:\PROGRAM FILES (X86)\FARSTONE\VIRTUALDRIVE\VDP;C:\PROGRA~2\FARSTONE\VIRTUA~1\DVDCRE~1;C:\WINDOWS\system32;C:\WINDOWS;C:\WINDOWS\System32\Wbem;C:\WINDOWS\System32\WindowsPowerShell\v1.0\;C:\WINDOWS\System32\OpenSSH\;C:\Program Files\Git\cmd;C:\Program Files (x86)\Microsoft SQL Server\100\Tools\Binn\VSShell\Common7\IDE\;C:\Program Files (x86)\Microsoft SQL Server\100\Tools\Binn\;C:\Program Files\Microsoft SQL Server\100\Tools\Binn\;C:\Program Files (x86)\Microsoft SQL Server\100\DTS\Binn\;C:\Program Files\Microsoft SQL Server\100\DTS\Binn\;C:\Program Files\dotnet\;C:\Program Files\Microsoft SQL Server\130\Tools\Binn\;C:\Program Files\Microsoft SQL Server\Client SDK\ODBC\170\Tools\Binn\;C:\Users\Administrator\AppData\Local\Microsoft\WindowsApps;
USERNAME=Administrator
OS=Windows_NT
PROCESSOR_IDENTIFIER=Intel64 Family 6 Model 61 Stepping 4, GenuineIntel



---------------  S Y S T E M  ---------------

OS: Windows 10.0 , 64 bit Build 18362 (10.0.18362.900)

CPU:total 4 (initial active 4) (2 cores per cpu, 2 threads per core) family 6 model 61 stepping 4, cmov, cx8, fxsr, mmx, sse, sse2, sse3, ssse3, sse4.1, sse4.2, popcnt, avx, avx2, aes, clmul, erms, 3dnowpref, lzcnt, ht, tsc, tscinvbit, bmi1, bmi2, adx

Memory: 4k page, physical 8298376k(1389764k free), swap 8298376k(5252k free)

vm_info: Java HotSpot(TM) 64-Bit Server VM (25.202-b08) for windows-amd64 JRE (1.8.0_202-b08), built on Dec 15 2018 19:54:30 by "java_re" with MS VC++ 10.0 (VS2010)

time: Mon Jun 29 18:50:59 2020
timezone: SE Asia Standard Time
elapsed time: 0 seconds (0d 0h 0m 0s)

